[2019/04/06 21:48:32.645] - Starting server (version 2.0.0) with initial configuration: {"gasLimit":6721975,"gasPrice":20000000000,"hardfork":"petersburg","db_path":"/Users/tsanford/Library/Application Support/Ganache/workspaces/gifted-dad/chaindata","default_balance_ether":100,"hostname":"127.0.0.1","locked":false,"network_id":5777,"port":7545,"total_accounts":10,"unlocked_accounts":[],"verbose":false,"vmErrorsOnRPCResponse":true,"logDirectory":"/Users/tsanford/Desktop/blockchain/Open_Zeppelin_Testing/logs"}
[2019/04/06 21:48:32.766] - eth_getCode
[2019/04/06 21:48:32.767] - eth_subscribe
[2019/04/06 21:48:32.768] - eth_getLogs
[2019/04/06 21:48:32.769] - eth_subscribe
[2019/04/06 21:48:32.855] - eth_blockNumber
[2019/04/06 21:48:32.856] - eth_accounts
[2019/04/06 21:48:32.858] - eth_gasPrice
[2019/04/06 21:48:32.858] - eth_getBlockByNumber
[2019/04/06 21:48:32.858] - eth_subscribe
[2019/04/06 21:48:32.930] - eth_accounts
[2019/04/06 21:48:32.974] - eth_getBalance
[2019/04/06 21:48:32.985] - eth_getTransactionCount
[2019/04/06 21:48:33.003] - eth_getBalance
[2019/04/06 21:48:33.009] - eth_getTransactionCount
[2019/04/06 21:48:33.018] - eth_getBalance
[2019/04/06 21:48:33.029] - eth_getTransactionCount
[2019/04/06 21:48:33.047] - eth_getBalance
[2019/04/06 21:48:33.054] - eth_getTransactionCount
[2019/04/06 21:48:33.061] - eth_getBalance
[2019/04/06 21:48:33.068] - eth_getTransactionCount
[2019/04/06 21:48:33.074] - eth_getBalance
[2019/04/06 21:48:33.089] - eth_getTransactionCount
[2019/04/06 21:48:33.096] - eth_getBalance
[2019/04/06 21:48:33.103] - eth_getTransactionCount
[2019/04/06 21:48:33.109] - eth_getBalance
[2019/04/06 21:48:33.124] - eth_getTransactionCount
[2019/04/06 21:48:33.130] - eth_getBalance
[2019/04/06 21:48:33.138] - eth_getTransactionCount
[2019/04/06 21:48:33.144] - eth_getBalance
[2019/04/06 21:48:33.151] - eth_getTransactionCount
[2019/04/06 21:48:33.252] - eth_getBalance
[2019/04/06 21:48:33.258] - eth_getTransactionCount
[2019/04/06 21:48:33.266] - eth_getBalance
[2019/04/06 21:48:33.285] - eth_getTransactionCount
[2019/04/06 21:48:33.291] - eth_getBalance
[2019/04/06 21:48:33.297] - eth_getTransactionCount
[2019/04/06 21:48:33.305] - eth_getBalance
[2019/04/06 21:48:33.311] - eth_getTransactionCount
[2019/04/06 21:48:33.323] - eth_getBalance
[2019/04/06 21:48:33.329] - eth_getTransactionCount
[2019/04/06 21:48:33.337] - eth_getBalance
[2019/04/06 21:48:33.344] - eth_getTransactionCount
[2019/04/06 21:48:33.359] - eth_getBalance
[2019/04/06 21:48:33.366] - eth_getTransactionCount
[2019/04/06 21:48:33.372] - eth_getBalance
[2019/04/06 21:48:33.379] - eth_getTransactionCount
[2019/04/06 21:48:33.386] - eth_getBalance
[2019/04/06 21:48:33.399] - eth_getTransactionCount
[2019/04/06 21:48:33.405] - eth_getBalance
[2019/04/06 21:48:33.411] - eth_getTransactionCount
[2019/04/06 21:48:50.971] - net_version
[2019/04/06 21:48:50.979] - eth_accounts
[2019/04/06 21:48:51.002] - eth_getBlockByNumber
[2019/04/06 21:48:51.010] - eth_getBlockByNumber
[2019/04/06 21:48:51.018] - eth_call
[2019/04/06 21:50:40.900] - net_version
[2019/04/06 21:50:40.909] - eth_accounts
[2019/04/06 21:50:40.937] - eth_getBlockByNumber
[2019/04/06 21:50:40.946] - eth_getBlockByNumber
[2019/04/06 21:50:40.954] - eth_call
[2019/04/06 21:52:38.216] - net_version
[2019/04/06 21:52:38.226] - eth_accounts
[2019/04/06 21:52:38.254] - eth_getBlockByNumber
[2019/04/06 21:52:38.263] - eth_getBlockByNumber
[2019/04/06 21:52:38.272] - eth_call
[2019/04/06 21:53:10.055] - eth_getBlockByNumber
[2019/04/06 21:53:15.734] - eth_getBalance
[2019/04/06 21:53:15.878] - eth_getBalance
[2019/04/06 21:53:15.886] - eth_getStorageAt
[2019/04/06 21:53:15.898] - eth_getStorageAt
[2019/04/06 21:55:00.864] - eth_getBalance
[2019/04/06 21:55:00.869] - eth_getStorageAt
[2019/04/06 21:55:00.874] - eth_getStorageAt
[2019/04/06 21:56:46.286] - eth_blockNumber
[2019/04/06 21:56:46.287] - net_version
[2019/04/06 21:56:46.291] - eth_getBlockByNumber
[2019/04/06 21:56:46.292] - eth_getBalance
[2019/04/06 21:56:47.724] - net_version
[2019/04/06 21:56:48.708] - net_version
[2019/04/06 21:56:52.763] - eth_getTransactionCount
[2019/04/06 21:56:52.774] - eth_getBlockByNumber
[2019/04/06 21:57:01.690] - eth_getBlockByNumber
[2019/04/06 21:57:03.546] - net_version
[2019/04/06 21:57:03.560] - net_version
[2019/04/06 21:57:06.295] - eth_blockNumber
[2019/04/06 21:57:11.689] - eth_getBlockByNumber
[2019/04/06 21:57:26.303] - eth_blockNumber
[2019/04/06 21:57:46.312] - eth_blockNumber
[2019/04/06 21:57:55.990] - eth_blockNumber
[2019/04/06 21:57:55.991] - net_version
[2019/04/06 21:57:56.001] - eth_getBlockByNumber
[2019/04/06 21:57:56.002] - eth_getBalance
[2019/04/06 21:57:59.414] - eth_blockNumber
[2019/04/06 21:57:59.420] - net_version
[2019/04/06 21:57:59.431] - eth_getBlockByNumber
[2019/04/06 21:57:59.432] - eth_getBalance
[2019/04/06 21:58:19.437] - eth_blockNumber
[2019/04/06 21:58:21.366] - eth_getTransactionCount
[2019/04/06 21:58:28.899] - net_version
[2019/04/06 21:58:28.910] - net_version
[2019/04/06 21:58:39.447] - eth_blockNumber
[2019/04/06 21:58:50.038] - net_version
[2019/04/06 21:58:50.056] - net_version
[2019/04/06 21:58:59.461] - eth_blockNumber
[2019/04/06 21:58:59.709] - net_version
[2019/04/06 21:59:19.482] - eth_blockNumber
[2019/04/06 21:59:21.815] - net_version
[2019/04/06 21:59:21.824] - eth_accounts
[2019/04/06 21:59:21.852] - eth_getBlockByNumber
[2019/04/06 21:59:21.860] - eth_getBlockByNumber
[2019/04/06 21:59:21.868] - eth_call
[2019/04/06 21:59:39.490] - eth_blockNumber
[2019/04/06 21:59:39.493] - net_version
[2019/04/06 21:59:39.502] - net_version
[2019/04/06 21:59:59.504] - eth_blockNumber
[2019/04/06 22:00:01.438] - net_version
[2019/04/06 22:00:19.516] - eth_blockNumber
[2019/04/06 22:00:19.915] - net_version
[2019/04/06 22:00:19.925] - net_version
[2019/04/06 22:00:39.524] - eth_blockNumber
[2019/04/06 22:00:39.547] - net_version
[2019/04/06 22:00:39.558] - net_version
[2019/04/06 22:00:59.536] - eth_blockNumber
[2019/04/06 22:00:59.684] - net_version
[2019/04/06 22:01:19.543] - eth_blockNumber
[2019/04/06 22:01:39.557] - eth_blockNumber
[2019/04/06 22:01:58.302] - net_version
[2019/04/06 22:01:58.309] - net_version
[2019/04/06 22:01:59.565] - eth_blockNumber
[2019/04/06 22:02:06.836] - net_version
[2019/04/06 22:02:06.844] - net_version
[2019/04/06 22:02:19.585] - eth_blockNumber
[2019/04/06 22:02:27.938] - net_version
[2019/04/06 22:02:39.594] - eth_blockNumber
[2019/04/06 22:02:50.645] - eth_getBlockByNumber
[2019/04/06 22:02:50.678] - eth_getBlockTransactionCountByNumber
[2019/04/06 22:02:52.146] - eth_unsubscribe
[2019/04/06 22:02:52.147] - eth_unsubscribe
[2019/04/06 22:02:54.411] - Warning: stopMining called when miner was already stopped
