[2019/04/06 21:15:22.830] - Starting server (version 2.0.0) with initial configuration: {"gasLimit":6721975,"gasPrice":20000000000,"hardfork":"petersburg","db_path":"/Users/tsanford/Library/Application Support/Ganache/workspaces/gifted-dad/chaindata","default_balance_ether":100,"hostname":"127.0.0.1","locked":false,"network_id":5777,"port":7545,"total_accounts":10,"unlocked_accounts":[],"verbose":false,"vmErrorsOnRPCResponse":true,"logDirectory":"/Users/tsanford/Desktop/blockchain/Open_Zeppelin_Testing/logs"}
[2019/04/06 21:15:22.928] - eth_getCode
[2019/04/06 21:15:22.932] - eth_subscribe
[2019/04/06 21:15:22.933] - eth_getLogs
[2019/04/06 21:15:22.934] - eth_subscribe
[2019/04/06 21:15:22.989] - eth_blockNumber
[2019/04/06 21:15:22.989] - eth_accounts
[2019/04/06 21:15:22.991] - eth_gasPrice
[2019/04/06 21:15:22.992] - eth_getBlockByNumber
[2019/04/06 21:15:22.992] - eth_subscribe
[2019/04/06 21:15:23.028] - eth_accounts
[2019/04/06 21:15:23.052] - eth_getBalance
[2019/04/06 21:15:23.057] - eth_getTransactionCount
[2019/04/06 21:15:23.061] - eth_getBalance
[2019/04/06 21:15:23.066] - eth_getTransactionCount
[2019/04/06 21:15:23.073] - eth_getBalance
[2019/04/06 21:15:23.077] - eth_getTransactionCount
[2019/04/06 21:15:23.081] - eth_getBalance
[2019/04/06 21:15:23.083] - eth_getTransactionCount
[2019/04/06 21:15:23.086] - eth_getBalance
[2019/04/06 21:15:23.088] - eth_getTransactionCount
[2019/04/06 21:15:23.091] - eth_getBalance
[2019/04/06 21:15:23.094] - eth_getTransactionCount
[2019/04/06 21:15:23.097] - eth_getBalance
[2019/04/06 21:15:23.100] - eth_getTransactionCount
[2019/04/06 21:15:23.103] - eth_getBalance
[2019/04/06 21:15:23.107] - eth_getTransactionCount
[2019/04/06 21:15:23.109] - eth_getBalance
[2019/04/06 21:15:23.113] - eth_getTransactionCount
[2019/04/06 21:15:23.114] - eth_getBalance
[2019/04/06 21:15:23.119] - eth_getTransactionCount
[2019/04/06 21:15:23.150] - eth_getBalance
[2019/04/06 21:15:23.153] - eth_getTransactionCount
[2019/04/06 21:15:23.154] - eth_getBalance
[2019/04/06 21:15:23.160] - eth_getTransactionCount
[2019/04/06 21:15:23.160] - eth_getBalance
[2019/04/06 21:15:23.163] - eth_getTransactionCount
[2019/04/06 21:15:23.166] - eth_getBalance
[2019/04/06 21:15:23.169] - eth_getTransactionCount
[2019/04/06 21:15:23.169] - eth_getBalance
[2019/04/06 21:15:23.173] - eth_getTransactionCount
[2019/04/06 21:15:23.175] - eth_getBalance
[2019/04/06 21:15:23.178] - eth_getTransactionCount
[2019/04/06 21:15:23.183] - eth_getBalance
[2019/04/06 21:15:23.188] - eth_getTransactionCount
[2019/04/06 21:15:23.194] - eth_getBalance
[2019/04/06 21:15:23.199] - eth_getTransactionCount
[2019/04/06 21:15:23.202] - eth_getBalance
[2019/04/06 21:15:23.205] - eth_getTransactionCount
[2019/04/06 21:15:23.208] - eth_getBalance
[2019/04/06 21:15:23.211] - eth_getTransactionCount
[2019/04/06 21:15:38.331] - eth_getBlockByNumber
[2019/04/06 21:15:40.739] - eth_getBlockByNumber
[2019/04/06 21:15:40.763] - eth_getBlockTransactionCountByNumber
[2019/04/06 21:34:44.441] - net_version
[2019/04/06 21:34:44.452] - eth_accounts
[2019/04/06 21:34:44.478] - eth_getBlockByNumber
[2019/04/06 21:34:44.487] - eth_getBlockByNumber
[2019/04/06 21:34:44.497] - eth_call
[2019/04/06 21:40:13.336] - net_version
[2019/04/06 21:40:13.346] - eth_accounts
[2019/04/06 21:40:13.374] - eth_getBlockByNumber
[2019/04/06 21:40:13.383] - eth_getBlockByNumber
[2019/04/06 21:40:13.392] - eth_call
[2019/04/06 21:45:38.714] - net_version
[2019/04/06 21:45:38.723] - eth_accounts
[2019/04/06 21:45:38.749] - eth_getBlockByNumber
[2019/04/06 21:45:38.759] - eth_getBlockByNumber
[2019/04/06 21:45:38.767] - eth_call
[2019/04/06 21:46:03.125] - net_version
[2019/04/06 21:46:03.134] - eth_accounts
[2019/04/06 21:46:03.161] - eth_getBlockByNumber
[2019/04/06 21:46:03.170] - eth_getBlockByNumber
[2019/04/06 21:46:03.180] - eth_call
[2019/04/06 21:47:44.533] - eth_getLogs
[2019/04/06 21:48:32.452] - eth_unsubscribe
[2019/04/06 21:48:32.462] - eth_unsubscribe
[2019/04/06 21:48:32.644] - Warning: stopMining called when miner was already stopped
